15/Mar/2025 10:09:29 - DEBUG - Service restarted successfully
15/Mar/2025 10:13:06 - WARNING - Database connection established
15/Mar/2025 10:18:03 - INFO - User successfully logged in
15/Mar/2025 10:21:15 - INFO - Unauthorized access attempt detected
15/Mar/2025 10:24:07 - INFO - Configuration file loaded
15/Mar/2025 10:25:32 - WARNING - New API request received
15/Mar/2025 10:27:14 - DEBUG - High memory usage detected
15/Mar/2025 10:28:36 - DEBUG - System health check passed
15/Mar/2025 10:33:20 - DEBUG - Failed login attempt detected
15/Mar/2025 10:33:30 - DEBUG - High memory usage detected
15/Mar/2025 10:35:30 - WARNING - System health check passed
15/Mar/2025 10:40:28 - WARNING - Backup operation completed
15/Mar/2025 10:42:20 - DEBUG - System health check passed
15/Mar/2025 10:46:34 - WARNING - Session timeout warning
15/Mar/2025 10:48:48 - DEBUG - Database connection established
15/Mar/2025 10:49:56 - INFO - Unauthorized access attempt detected
15/Mar/2025 10:50:28 - DEBUG - Scheduled job executed
15/Mar/2025 10:54:59 - INFO - Configuration file loaded
15/Mar/2025 10:55:21 - WARNING - Authentication token refreshed
15/Mar/2025 10:58:51 - DEBUG - Backup operation completed